Copyright 1986-2022 Xilinx, Inc. All Rights Reserved. Copyright 2022-2024 Advanced Micro Devices, Inc. All Rights Reserved.
---------------------------------------------------------------------------------------------------------------------------------------------
| Tool Version : Vivado v.2024.2 (win64) Build 5239630 Fri Nov 08 22:35:27 MST 2024
| Date         : Tue Sep  2 22:39:24 2025
| Host         : DESKTOP-291N13N running 64-bit major release  (build 9200)
| Command      : report_control_sets -verbose -file uart_forwarder_control_sets_placed.rpt
| Design       : uart_forwarder
| Device       : xc7a35ti
---------------------------------------------------------------------------------------------------------------------------------------------

Control Set Information

Table of Contents
-----------------
1. Summary
2. Histogram
3. Flip-Flop Distribution
4. Detailed Control Set Information

1. Summary
----------

+----------------------------------------------------------+-------+
|                          Status                          | Count |
+----------------------------------------------------------+-------+
| Total control sets                                       |     7 |
|    Minimum number of control sets                        |     7 |
|    Addition due to synthesis replication                 |     0 |
|    Addition due to physical synthesis replication        |     0 |
| Unused register locations in slices containing registers |    25 |
+----------------------------------------------------------+-------+
* Control sets can be merged at opt_design using control_set_merge or merge_equivalent_drivers
** Run report_qor_suggestions for automated merging and remapping suggestions


2. Histogram
------------

+--------------------+-------+
|       Fanout       | Count |
+--------------------+-------+
| Total control sets |     7 |
| >= 0 to < 4        |     2 |
| >= 4 to < 6        |     0 |
| >= 6 to < 8        |     0 |
| >= 8 to < 10       |     2 |
| >= 10 to < 12      |     0 |
| >= 12 to < 14      |     1 |
| >= 14 to < 16      |     1 |
| >= 16              |     1 |
+--------------------+-------+
* Control sets can be remapped at either synth_design or opt_design


3. Flip-Flop Distribution
-------------------------

+--------------+-----------------------+------------------------+-----------------+--------------+
| Clock Enable | Synchronous Set/Reset | Asynchronous Set/Reset | Total Registers | Total Slices |
+--------------+-----------------------+------------------------+-----------------+--------------+
| No           | No                    | No                     |              26 |           11 |
| No           | No                    | Yes                    |               0 |            0 |
| No           | Yes                   | No                     |               0 |            0 |
| Yes          | No                    | No                     |              18 |            4 |
| Yes          | No                    | Yes                    |               0 |            0 |
| Yes          | Yes                   | No                     |              27 |            8 |
+--------------+-----------------------+------------------------+-----------------+--------------+


4. Detailed Control Set Information
-----------------------------------

+------------------+--------------------------------------+--------------------------------------+------------------+----------------+--------------+
|   Clock Signal   |             Enable Signal            |           Set/Reset Signal           | Slice Load Count | Bel Load Count | Bels / Slice |
+------------------+--------------------------------------+--------------------------------------+------------------+----------------+--------------+
|  i_clk_IBUF_BUFG | UART_RX_INST/r_Clk_Count[13]_i_2_n_0 |                                      |                1 |              1 |         1.00 |
|  i_clk_IBUF_BUFG | UART_TX_INST/r_SM_Main[2]            |                                      |                1 |              1 |         1.00 |
|  i_clk_IBUF_BUFG | UART_RX_INST/E[0]                    |                                      |                1 |              8 |         8.00 |
|  i_clk_IBUF_BUFG | UART_TX_INST/r_TX_Data_0             |                                      |                1 |              8 |         8.00 |
|  i_clk_IBUF_BUFG | UART_RX_INST/r_Clk_Count[13]_i_2_n_0 | UART_RX_INST/r_Clk_Count[13]_i_1_n_0 |                4 |             13 |         3.25 |
|  i_clk_IBUF_BUFG | UART_TX_INST/r_Clk_Count             | UART_TX_INST/r_Clk_Count0            |                4 |             14 |         3.50 |
|  i_clk_IBUF_BUFG |                                      |                                      |               11 |             26 |         2.36 |
+------------------+--------------------------------------+--------------------------------------+------------------+----------------+--------------+


